11:45:10.835 [background-preinit] INFO  o.h.validator.internal.util.Version - HV000001: Hibernate Validator 8.0.1.Final
11:45:11.041 [main] INFO  c.e.presence.PresenceApplication - Starting PresenceApplication using Java 17.0.8.1 with PID 14876 (C:\Users\mokht\Desktop\programmes\java_Springboot\presence\presence\target\classes started by mokht in C:\Users\mokht\Desktop\programmes\java_Springboot\presence\presence)
11:45:11.046 [main] INFO  c.e.presence.PresenceApplication - No active profile set, falling back to 1 default profile: "default"
11:45:15.380 [main] INFO  o.s.d.r.c.RepositoryConfigurationDelegate - Bootstrapping Spring Data JPA repositories in DEFAULT mode.
11:45:15.807 [main] INFO  o.s.d.r.c.RepositoryConfigurationDelegate - Finished Spring Data repository scanning in 218 ms. Found 8 JPA repository interfaces.
11:45:18.005 [main] INFO  o.s.b.w.e.tomcat.TomcatWebServer - Tomcat initialized with port(s): 8080 (http)
11:45:18.038 [main] INFO  o.a.coyote.http11.Http11NioProtocol - Initializing ProtocolHandler ["http-nio-8080"]
11:45:18.046 [main] INFO  o.a.catalina.core.StandardService - Starting service [Tomcat]
11:45:18.047 [main] INFO  o.a.catalina.core.StandardEngine - Starting Servlet engine: [Apache Tomcat/10.1.15]
11:45:18.315 [main] INFO  o.a.c.c.C.[Tomcat].[localhost].[/] - Initializing Spring embedded WebApplicationContext
11:45:18.322 [main] INFO  o.s.b.w.s.c.ServletWebServerApplicationContext - Root WebApplicationContext: initialization completed in 7068 ms
11:45:18.956 [main] INFO  o.h.jpa.internal.util.LogHelper - HHH000204: Processing PersistenceUnitInfo [name: default]
11:45:19.235 [main] INFO  org.hibernate.Version - HHH000412: Hibernate ORM core version 6.2.13.Final
11:45:19.240 [main] INFO  org.hibernate.cfg.Environment - HHH000406: Using bytecode reflection optimizer
11:45:20.258 [main] INFO  o.s.o.j.p.SpringPersistenceUnitInfo - No LoadTimeWeaver setup: ignoring JPA class transformer
11:45:20.379 [main] INFO  com.zaxxer.hikari.HikariDataSource - HikariPool-1 - Starting...
11:45:21.543 [main] INFO  com.zaxxer.hikari.pool.HikariPool - HikariPool-1 - Added connection com.mysql.cj.jdbc.ConnectionImpl@43deba42
11:45:21.553 [main] INFO  com.zaxxer.hikari.HikariDataSource - HikariPool-1 - Start completed.
11:45:21.985 [main] WARN  org.hibernate.orm.deprecation - HHH90000025: MySQLDialect does not need to be specified explicitly using 'hibernate.dialect' (remove the property setting and it will be selected by default)
11:45:25.643 [main] INFO  o.h.e.t.j.p.i.JtaPlatformInitiator - HHH000489: No JTA platform available (set 'hibernate.transaction.jta.platform' to enable JTA platform integration)
11:45:26.324 [main] INFO  o.s.o.j.LocalContainerEntityManagerFactoryBean - Initialized JPA EntityManagerFactory for persistence unit 'default'
11:45:27.861 [main] WARN  o.s.b.a.o.j.JpaBaseConfiguration$JpaWebConfiguration - spring.jpa.open-in-view is enabled by default. Therefore, database queries may be performed during view rendering. Explicitly configure spring.jpa.open-in-view to disable this warning
11:45:28.810 [main] INFO  o.a.coyote.http11.Http11NioProtocol - Starting ProtocolHandler ["http-nio-8080"]
11:45:28.934 [main] INFO  o.s.b.w.e.tomcat.TomcatWebServer - Tomcat started on port(s): 8080 (http) with context path ''
11:45:28.958 [main] INFO  c.e.presence.PresenceApplication - Started PresenceApplication in 19.859 seconds (process running for 24.729)
11:46:29.932 [http-nio-8080-exec-1] INFO  o.a.c.c.C.[Tomcat].[localhost].[/] - Initializing Spring DispatcherServlet 'dispatcherServlet'
11:46:29.934 [http-nio-8080-exec-1] INFO  o.s.web.servlet.DispatcherServlet - Initializing Servlet 'dispatcherServlet'
11:46:29.938 [http-nio-8080-exec-1] INFO  o.s.web.servlet.DispatcherServlet - Completed initialization in 4 ms
11:46:30.872 [http-nio-8080-exec-1] INFO  c.e.p.services.impl.EmployeService - employes sont : [Employe(id=1, nom=yassir, prenom=mokhtari, numeroTelephone=0654421314, email=yasser@gmail.com, poste=pes, ecole=null, departement=null, branche=null, module=null), Employe(id=2, nom=, prenom=yassir, numeroTelephone=0654421314, email=yassir@gmail.com, poste=prof, ecole=null, departement=null, branche=null, module=null), Employe(id=3, nom=mokhtari, prenom=yassir, numeroTelephone=0654421314, email=yassir@gmail.com, poste=prof, ecole=null, departement=null, branche=null, module=null), Employe(id=4, nom=null, prenom=yassir, numeroTelephone=0654421314, email=yassir@gmail.com, poste=prof, ecole=null, departement=null, branche=null, module=null), Employe(id=5, nom=mokhtari, prenom=yassir, numeroTelephone=0654421314, email=yassir@gmail.com, poste=prof, ecole=null, departement=null, branche=null, module=null), Employe(id=6, nom=yasser, prenom=mokhtari, numeroTelephone=0654421314, email=yassir@gmail.com, poste=prof, ecole=null, departement=null, branche=null, module=null)]
11:47:51.633 [SpringApplicationShutdownHook] INFO  o.s.o.j.LocalContainerEntityManagerFactoryBean - Closing JPA EntityManagerFactory for persistence unit 'default'
11:47:51.639 [SpringApplicationShutdownHook] INFO  com.zaxxer.hikari.HikariDataSource - HikariPool-1 - Shutdown initiated...
11:47:51.687 [SpringApplicationShutdownHook] INFO  com.zaxxer.hikari.HikariDataSource - HikariPool-1 - Shutdown completed.
15:19:17.675 [background-preinit] INFO  o.h.validator.internal.util.Version - HV000001: Hibernate Validator 8.0.1.Final
15:19:17.885 [main] INFO  c.e.presence.PresenceApplication - Starting PresenceApplication using Java 17.0.8.1 with PID 4504 (C:\Users\mokht\Desktop\programmes\java_Springboot\presence\presence\target\classes started by mokht in C:\Users\mokht\Desktop\programmes\java_Springboot\presence\presence)
15:19:17.887 [main] INFO  c.e.presence.PresenceApplication - No active profile set, falling back to 1 default profile: "default"
15:19:22.383 [main] INFO  o.s.d.r.c.RepositoryConfigurationDelegate - Bootstrapping Spring Data JPA repositories in DEFAULT mode.
15:19:22.620 [main] INFO  o.s.d.r.c.RepositoryConfigurationDelegate - Finished Spring Data repository scanning in 223 ms. Found 8 JPA repository interfaces.
15:19:24.958 [main] INFO  o.s.b.w.e.tomcat.TomcatWebServer - Tomcat initialized with port(s): 8161 (http)
15:19:24.990 [main] INFO  o.a.coyote.http11.Http11NioProtocol - Initializing ProtocolHandler ["http-nio-8161"]
15:19:25.006 [main] INFO  o.a.catalina.core.StandardService - Starting service [Tomcat]
15:19:25.007 [main] INFO  o.a.catalina.core.StandardEngine - Starting Servlet engine: [Apache Tomcat/10.1.15]
15:19:25.278 [main] INFO  o.a.c.c.C.[Tomcat].[localhost].[/] - Initializing Spring embedded WebApplicationContext
15:19:25.281 [main] INFO  o.s.b.w.s.c.ServletWebServerApplicationContext - Root WebApplicationContext: initialization completed in 7198 ms
15:19:25.907 [main] INFO  o.h.jpa.internal.util.LogHelper - HHH000204: Processing PersistenceUnitInfo [name: default]
15:19:26.060 [main] INFO  org.hibernate.Version - HHH000412: Hibernate ORM core version 6.2.13.Final
15:19:26.065 [main] INFO  org.hibernate.cfg.Environment - HHH000406: Using bytecode reflection optimizer
15:19:26.953 [main] INFO  o.s.o.j.p.SpringPersistenceUnitInfo - No LoadTimeWeaver setup: ignoring JPA class transformer
15:19:27.052 [main] INFO  com.zaxxer.hikari.HikariDataSource - HikariPool-1 - Starting...
15:19:29.288 [main] INFO  com.zaxxer.hikari.pool.HikariPool - HikariPool-1 - Added connection com.mysql.cj.jdbc.ConnectionImpl@7956f93a
15:19:29.290 [main] INFO  com.zaxxer.hikari.HikariDataSource - HikariPool-1 - Start completed.
15:19:29.880 [main] WARN  org.hibernate.orm.deprecation - HHH90000025: MySQLDialect does not need to be specified explicitly using 'hibernate.dialect' (remove the property setting and it will be selected by default)
15:19:33.004 [main] INFO  o.h.e.t.j.p.i.JtaPlatformInitiator - HHH000489: No JTA platform available (set 'hibernate.transaction.jta.platform' to enable JTA platform integration)
15:19:34.113 [main] INFO  o.s.o.j.LocalContainerEntityManagerFactoryBean - Initialized JPA EntityManagerFactory for persistence unit 'default'
15:19:35.422 [main] WARN  o.s.b.a.o.j.JpaBaseConfiguration$JpaWebConfiguration - spring.jpa.open-in-view is enabled by default. Therefore, database queries may be performed during view rendering. Explicitly configure spring.jpa.open-in-view to disable this warning
15:19:36.357 [main] INFO  o.a.coyote.http11.Http11NioProtocol - Starting ProtocolHandler ["http-nio-8161"]
15:19:36.386 [main] WARN  o.s.b.w.s.c.AnnotationConfigServletWebServerApplicationContext - Exception encountered during context initialization - cancelling refresh attempt: org.springframework.context.ApplicationContextException: Failed to start bean 'webServerStartStop'
15:19:36.397 [main] INFO  o.s.o.j.LocalContainerEntityManagerFactoryBean - Closing JPA EntityManagerFactory for persistence unit 'default'
15:19:36.401 [main] INFO  com.zaxxer.hikari.HikariDataSource - HikariPool-1 - Shutdown initiated...
15:19:36.436 [main] INFO  com.zaxxer.hikari.HikariDataSource - HikariPool-1 - Shutdown completed.
15:19:36.441 [main] INFO  o.a.coyote.http11.Http11NioProtocol - Pausing ProtocolHandler ["http-nio-8161"]
15:19:36.441 [main] INFO  o.a.catalina.core.StandardService - Stopping service [Tomcat]
15:19:36.573 [main] INFO  o.a.coyote.http11.Http11NioProtocol - Stopping ProtocolHandler ["http-nio-8161"]
15:19:36.575 [main] INFO  o.a.coyote.http11.Http11NioProtocol - Destroying ProtocolHandler ["http-nio-8161"]
15:19:36.617 [main] INFO  o.s.b.a.l.ConditionEvaluationReportLogger - 

Error starting ApplicationContext. To display the condition evaluation report re-run your application with 'debug' enabled.
15:19:36.709 [main] ERROR o.s.b.d.LoggingFailureAnalysisReporter - 

***************************
APPLICATION FAILED TO START
***************************

Description:

Web server failed to start. Port 8161 was already in use.

Action:

Identify and stop the process that's listening on port 8161 or configure this application to listen on another port.

15:20:31.446 [background-preinit] INFO  o.h.validator.internal.util.Version - HV000001: Hibernate Validator 8.0.1.Final
15:20:31.553 [main] INFO  c.e.presence.PresenceApplication - Starting PresenceApplication using Java 17.0.8.1 with PID 14432 (C:\Users\mokht\Desktop\programmes\java_Springboot\presence\presence\target\classes started by mokht in C:\Users\mokht\Desktop\programmes\java_Springboot\presence\presence)
15:20:31.555 [main] INFO  c.e.presence.PresenceApplication - No active profile set, falling back to 1 default profile: "default"
15:20:34.273 [main] INFO  o.s.d.r.c.RepositoryConfigurationDelegate - Bootstrapping Spring Data JPA repositories in DEFAULT mode.
15:20:34.526 [main] INFO  o.s.d.r.c.RepositoryConfigurationDelegate - Finished Spring Data repository scanning in 233 ms. Found 8 JPA repository interfaces.
15:20:36.181 [main] INFO  o.s.b.w.e.tomcat.TomcatWebServer - Tomcat initialized with port(s): 8161 (http)
15:20:36.199 [main] INFO  o.a.coyote.http11.Http11NioProtocol - Initializing ProtocolHandler ["http-nio-8161"]
15:20:36.204 [main] INFO  o.a.catalina.core.StandardService - Starting service [Tomcat]
15:20:36.205 [main] INFO  o.a.catalina.core.StandardEngine - Starting Servlet engine: [Apache Tomcat/10.1.15]
15:20:36.473 [main] INFO  o.a.c.c.C.[Tomcat].[localhost].[/] - Initializing Spring embedded WebApplicationContext
15:20:36.476 [main] INFO  o.s.b.w.s.c.ServletWebServerApplicationContext - Root WebApplicationContext: initialization completed in 4698 ms
15:20:36.885 [main] INFO  o.h.jpa.internal.util.LogHelper - HHH000204: Processing PersistenceUnitInfo [name: default]
15:20:37.011 [main] INFO  org.hibernate.Version - HHH000412: Hibernate ORM core version 6.2.13.Final
15:20:37.016 [main] INFO  org.hibernate.cfg.Environment - HHH000406: Using bytecode reflection optimizer
15:20:37.781 [main] INFO  o.s.o.j.p.SpringPersistenceUnitInfo - No LoadTimeWeaver setup: ignoring JPA class transformer
15:20:37.852 [main] INFO  com.zaxxer.hikari.HikariDataSource - HikariPool-1 - Starting...
15:20:38.622 [main] INFO  com.zaxxer.hikari.pool.HikariPool - HikariPool-1 - Added connection com.mysql.cj.jdbc.ConnectionImpl@699d96bc
15:20:38.627 [main] INFO  com.zaxxer.hikari.HikariDataSource - HikariPool-1 - Start completed.
15:20:38.806 [main] WARN  org.hibernate.orm.deprecation - HHH90000025: MySQLDialect does not need to be specified explicitly using 'hibernate.dialect' (remove the property setting and it will be selected by default)
15:20:41.597 [main] INFO  o.h.e.t.j.p.i.JtaPlatformInitiator - HHH000489: No JTA platform available (set 'hibernate.transaction.jta.platform' to enable JTA platform integration)
15:20:42.205 [main] INFO  o.s.o.j.LocalContainerEntityManagerFactoryBean - Initialized JPA EntityManagerFactory for persistence unit 'default'
15:20:43.257 [main] WARN  o.s.b.a.o.j.JpaBaseConfiguration$JpaWebConfiguration - spring.jpa.open-in-view is enabled by default. Therefore, database queries may be performed during view rendering. Explicitly configure spring.jpa.open-in-view to disable this warning
15:20:43.976 [main] INFO  o.a.coyote.http11.Http11NioProtocol - Starting ProtocolHandler ["http-nio-8161"]
15:20:44.060 [main] INFO  o.s.b.w.e.tomcat.TomcatWebServer - Tomcat started on port(s): 8161 (http) with context path ''
15:20:44.594 [main] INFO  c.e.presence.PresenceApplication - Started PresenceApplication in 13.79 seconds (process running for 15.096)
15:21:28.236 [http-nio-8161-exec-1] INFO  o.a.c.c.C.[Tomcat].[localhost].[/] - Initializing Spring DispatcherServlet 'dispatcherServlet'
15:21:28.237 [http-nio-8161-exec-1] INFO  o.s.web.servlet.DispatcherServlet - Initializing Servlet 'dispatcherServlet'
15:21:28.239 [http-nio-8161-exec-1] INFO  o.s.web.servlet.DispatcherServlet - Completed initialization in 2 ms
15:22:58.809 [SpringApplicationShutdownHook] INFO  o.s.o.j.LocalContainerEntityManagerFactoryBean - Closing JPA EntityManagerFactory for persistence unit 'default'
15:22:58.837 [SpringApplicationShutdownHook] INFO  com.zaxxer.hikari.HikariDataSource - HikariPool-1 - Shutdown initiated...
15:22:58.871 [SpringApplicationShutdownHook] INFO  com.zaxxer.hikari.HikariDataSource - HikariPool-1 - Shutdown completed.
15:23:21.388 [background-preinit] INFO  o.h.validator.internal.util.Version - HV000001: Hibernate Validator 8.0.1.Final
15:23:21.501 [main] INFO  c.e.presence.PresenceApplication - Starting PresenceApplication using Java 17.0.8.1 with PID 10808 (C:\Users\mokht\Desktop\programmes\java_Springboot\presence\presence\target\classes started by mokht in C:\Users\mokht\Desktop\programmes\java_Springboot\presence\presence)
15:23:21.505 [main] INFO  c.e.presence.PresenceApplication - No active profile set, falling back to 1 default profile: "default"
15:23:23.538 [main] INFO  o.s.d.r.c.RepositoryConfigurationDelegate - Bootstrapping Spring Data JPA repositories in DEFAULT mode.
15:23:23.776 [main] INFO  o.s.d.r.c.RepositoryConfigurationDelegate - Finished Spring Data repository scanning in 218 ms. Found 8 JPA repository interfaces.
15:23:25.311 [main] INFO  o.s.b.w.e.tomcat.TomcatWebServer - Tomcat initialized with port(s): 8080 (http)
15:23:25.330 [main] INFO  o.a.coyote.http11.Http11NioProtocol - Initializing ProtocolHandler ["http-nio-8080"]
15:23:25.335 [main] INFO  o.a.catalina.core.StandardService - Starting service [Tomcat]
15:23:25.335 [main] INFO  o.a.catalina.core.StandardEngine - Starting Servlet engine: [Apache Tomcat/10.1.15]
15:23:25.583 [main] INFO  o.a.c.c.C.[Tomcat].[localhost].[/] - Initializing Spring embedded WebApplicationContext
15:23:25.587 [main] INFO  o.s.b.w.s.c.ServletWebServerApplicationContext - Root WebApplicationContext: initialization completed in 3910 ms
15:23:26.034 [main] INFO  o.h.jpa.internal.util.LogHelper - HHH000204: Processing PersistenceUnitInfo [name: default]
15:23:26.178 [main] INFO  org.hibernate.Version - HHH000412: Hibernate ORM core version 6.2.13.Final
15:23:26.182 [main] INFO  org.hibernate.cfg.Environment - HHH000406: Using bytecode reflection optimizer
15:23:26.863 [main] INFO  o.s.o.j.p.SpringPersistenceUnitInfo - No LoadTimeWeaver setup: ignoring JPA class transformer
15:23:26.934 [main] INFO  com.zaxxer.hikari.HikariDataSource - HikariPool-1 - Starting...
15:23:27.660 [main] INFO  com.zaxxer.hikari.pool.HikariPool - HikariPool-1 - Added connection com.mysql.cj.jdbc.ConnectionImpl@43a7203e
15:23:27.664 [main] INFO  com.zaxxer.hikari.HikariDataSource - HikariPool-1 - Start completed.
15:23:27.788 [main] WARN  org.hibernate.orm.deprecation - HHH90000025: MySQLDialect does not need to be specified explicitly using 'hibernate.dialect' (remove the property setting and it will be selected by default)
15:23:30.536 [main] INFO  o.h.e.t.j.p.i.JtaPlatformInitiator - HHH000489: No JTA platform available (set 'hibernate.transaction.jta.platform' to enable JTA platform integration)
15:23:30.972 [main] INFO  o.s.o.j.LocalContainerEntityManagerFactoryBean - Initialized JPA EntityManagerFactory for persistence unit 'default'
15:23:32.151 [main] WARN  o.s.b.a.o.j.JpaBaseConfiguration$JpaWebConfiguration - spring.jpa.open-in-view is enabled by default. Therefore, database queries may be performed during view rendering. Explicitly configure spring.jpa.open-in-view to disable this warning
15:23:32.915 [main] INFO  o.a.coyote.http11.Http11NioProtocol - Starting ProtocolHandler ["http-nio-8080"]
15:23:32.951 [main] INFO  o.s.b.w.e.tomcat.TomcatWebServer - Tomcat started on port(s): 8080 (http) with context path ''
15:23:33.387 [main] INFO  c.e.presence.PresenceApplication - Started PresenceApplication in 12.69 seconds (process running for 13.915)
15:25:15.579 [http-nio-8080-exec-2] INFO  o.a.c.c.C.[Tomcat].[localhost].[/] - Initializing Spring DispatcherServlet 'dispatcherServlet'
15:25:15.580 [http-nio-8080-exec-2] INFO  o.s.web.servlet.DispatcherServlet - Initializing Servlet 'dispatcherServlet'
15:25:15.583 [http-nio-8080-exec-2] INFO  o.s.web.servlet.DispatcherServlet - Completed initialization in 3 ms
15:27:27.590 [SpringApplicationShutdownHook] INFO  o.s.o.j.LocalContainerEntityManagerFactoryBean - Closing JPA EntityManagerFactory for persistence unit 'default'
15:27:27.606 [SpringApplicationShutdownHook] INFO  com.zaxxer.hikari.HikariDataSource - HikariPool-1 - Shutdown initiated...
15:27:27.694 [SpringApplicationShutdownHook] INFO  com.zaxxer.hikari.HikariDataSource - HikariPool-1 - Shutdown completed.
17:16:34.347 [background-preinit] INFO  o.h.validator.internal.util.Version - HV000001: Hibernate Validator 8.0.1.Final
17:16:34.770 [main] INFO  c.e.presence.PresenceApplication - Starting PresenceApplication using Java 17.0.8.1 with PID 8424 (C:\Users\mokht\Desktop\programmes\java_Springboot\presence\presence\target\classes started by mokht in C:\Users\mokht\Desktop\programmes\java_Springboot\presence\presence)
17:16:34.772 [main] INFO  c.e.presence.PresenceApplication - No active profile set, falling back to 1 default profile: "default"
17:16:39.626 [main] INFO  o.s.d.r.c.RepositoryConfigurationDelegate - Bootstrapping Spring Data JPA repositories in DEFAULT mode.
17:16:39.867 [main] INFO  o.s.d.r.c.RepositoryConfigurationDelegate - Finished Spring Data repository scanning in 222 ms. Found 8 JPA repository interfaces.
17:16:42.275 [main] INFO  o.s.b.w.e.tomcat.TomcatWebServer - Tomcat initialized with port(s): 8162 (http)
17:16:42.306 [main] INFO  o.a.coyote.http11.Http11NioProtocol - Initializing ProtocolHandler ["http-nio-8162"]
17:16:42.326 [main] INFO  o.a.catalina.core.StandardService - Starting service [Tomcat]
17:16:42.326 [main] INFO  o.a.catalina.core.StandardEngine - Starting Servlet engine: [Apache Tomcat/10.1.15]
17:16:42.705 [main] INFO  o.a.c.c.C.[Tomcat].[localhost].[/] - Initializing Spring embedded WebApplicationContext
17:16:42.708 [main] INFO  o.s.b.w.s.c.ServletWebServerApplicationContext - Root WebApplicationContext: initialization completed in 7766 ms
17:16:43.257 [main] INFO  o.h.jpa.internal.util.LogHelper - HHH000204: Processing PersistenceUnitInfo [name: default]
17:16:43.421 [main] INFO  org.hibernate.Version - HHH000412: Hibernate ORM core version 6.2.13.Final
17:16:43.427 [main] INFO  org.hibernate.cfg.Environment - HHH000406: Using bytecode reflection optimizer
17:16:44.296 [main] INFO  o.s.o.j.p.SpringPersistenceUnitInfo - No LoadTimeWeaver setup: ignoring JPA class transformer
17:16:44.417 [main] INFO  com.zaxxer.hikari.HikariDataSource - HikariPool-1 - Starting...
17:16:46.030 [main] INFO  com.zaxxer.hikari.pool.HikariPool - HikariPool-1 - Added connection com.mysql.cj.jdbc.ConnectionImpl@12c76d6e
17:16:46.036 [main] INFO  com.zaxxer.hikari.HikariDataSource - HikariPool-1 - Start completed.
17:16:46.405 [main] WARN  org.hibernate.orm.deprecation - HHH90000025: MySQLDialect does not need to be specified explicitly using 'hibernate.dialect' (remove the property setting and it will be selected by default)
17:16:50.365 [main] INFO  o.h.e.t.j.p.i.JtaPlatformInitiator - HHH000489: No JTA platform available (set 'hibernate.transaction.jta.platform' to enable JTA platform integration)
17:16:51.073 [main] INFO  o.s.o.j.LocalContainerEntityManagerFactoryBean - Initialized JPA EntityManagerFactory for persistence unit 'default'
17:16:52.827 [main] WARN  o.s.b.a.o.j.JpaBaseConfiguration$JpaWebConfiguration - spring.jpa.open-in-view is enabled by default. Therefore, database queries may be performed during view rendering. Explicitly configure spring.jpa.open-in-view to disable this warning
17:16:53.856 [main] INFO  o.a.coyote.http11.Http11NioProtocol - Starting ProtocolHandler ["http-nio-8162"]
17:16:53.888 [main] WARN  o.s.b.w.s.c.AnnotationConfigServletWebServerApplicationContext - Exception encountered during context initialization - cancelling refresh attempt: org.springframework.context.ApplicationContextException: Failed to start bean 'webServerStartStop'
17:16:53.897 [main] INFO  o.s.o.j.LocalContainerEntityManagerFactoryBean - Closing JPA EntityManagerFactory for persistence unit 'default'
17:16:53.902 [main] INFO  com.zaxxer.hikari.HikariDataSource - HikariPool-1 - Shutdown initiated...
17:16:53.949 [main] INFO  com.zaxxer.hikari.HikariDataSource - HikariPool-1 - Shutdown completed.
17:16:53.953 [main] INFO  o.a.coyote.http11.Http11NioProtocol - Pausing ProtocolHandler ["http-nio-8162"]
17:16:53.954 [main] INFO  o.a.catalina.core.StandardService - Stopping service [Tomcat]
17:16:53.981 [main] INFO  o.a.coyote.http11.Http11NioProtocol - Stopping ProtocolHandler ["http-nio-8162"]
17:16:53.982 [main] INFO  o.a.coyote.http11.Http11NioProtocol - Destroying ProtocolHandler ["http-nio-8162"]
17:16:54.010 [main] INFO  o.s.b.a.l.ConditionEvaluationReportLogger - 

Error starting ApplicationContext. To display the condition evaluation report re-run your application with 'debug' enabled.
17:16:54.090 [main] ERROR o.s.b.d.LoggingFailureAnalysisReporter - 

***************************
APPLICATION FAILED TO START
***************************

Description:

Web server failed to start. Port 8162 was already in use.

Action:

Identify and stop the process that's listening on port 8162 or configure this application to listen on another port.

17:18:19.369 [background-preinit] INFO  o.h.validator.internal.util.Version - HV000001: Hibernate Validator 8.0.1.Final
17:18:19.507 [main] INFO  c.e.presence.PresenceApplication - Starting PresenceApplication using Java 17.0.8.1 with PID 10100 (C:\Users\mokht\Desktop\programmes\java_Springboot\presence\presence\target\classes started by mokht in C:\Users\mokht\Desktop\programmes\java_Springboot\presence\presence)
17:18:19.510 [main] INFO  c.e.presence.PresenceApplication - No active profile set, falling back to 1 default profile: "default"
17:18:22.580 [main] INFO  o.s.d.r.c.RepositoryConfigurationDelegate - Bootstrapping Spring Data JPA repositories in DEFAULT mode.
17:18:22.884 [main] INFO  o.s.d.r.c.RepositoryConfigurationDelegate - Finished Spring Data repository scanning in 278 ms. Found 8 JPA repository interfaces.
17:18:25.136 [main] INFO  o.s.b.w.e.tomcat.TomcatWebServer - Tomcat initialized with port(s): 8161 (http)
17:18:25.168 [main] INFO  o.a.coyote.http11.Http11NioProtocol - Initializing ProtocolHandler ["http-nio-8161"]
17:18:25.177 [main] INFO  o.a.catalina.core.StandardService - Starting service [Tomcat]
17:18:25.178 [main] INFO  o.a.catalina.core.StandardEngine - Starting Servlet engine: [Apache Tomcat/10.1.15]
17:18:25.576 [main] INFO  o.a.c.c.C.[Tomcat].[localhost].[/] - Initializing Spring embedded WebApplicationContext
17:18:25.582 [main] INFO  o.s.b.w.s.c.ServletWebServerApplicationContext - Root WebApplicationContext: initialization completed in 5858 ms
17:18:26.215 [main] INFO  o.h.jpa.internal.util.LogHelper - HHH000204: Processing PersistenceUnitInfo [name: default]
17:18:26.377 [main] INFO  org.hibernate.Version - HHH000412: Hibernate ORM core version 6.2.13.Final
17:18:26.383 [main] INFO  org.hibernate.cfg.Environment - HHH000406: Using bytecode reflection optimizer
17:18:27.333 [main] INFO  o.s.o.j.p.SpringPersistenceUnitInfo - No LoadTimeWeaver setup: ignoring JPA class transformer
17:18:27.426 [main] INFO  com.zaxxer.hikari.HikariDataSource - HikariPool-1 - Starting...
17:18:28.409 [main] INFO  com.zaxxer.hikari.pool.HikariPool - HikariPool-1 - Added connection com.mysql.cj.jdbc.ConnectionImpl@57bdceaa
17:18:28.415 [main] INFO  com.zaxxer.hikari.HikariDataSource - HikariPool-1 - Start completed.
17:18:28.567 [main] WARN  org.hibernate.orm.deprecation - HHH90000025: MySQLDialect does not need to be specified explicitly using 'hibernate.dialect' (remove the property setting and it will be selected by default)
17:18:32.313 [main] INFO  o.h.e.t.j.p.i.JtaPlatformInitiator - HHH000489: No JTA platform available (set 'hibernate.transaction.jta.platform' to enable JTA platform integration)
17:18:32.844 [main] INFO  o.s.o.j.LocalContainerEntityManagerFactoryBean - Initialized JPA EntityManagerFactory for persistence unit 'default'
17:18:34.972 [main] WARN  o.s.b.a.o.j.JpaBaseConfiguration$JpaWebConfiguration - spring.jpa.open-in-view is enabled by default. Therefore, database queries may be performed during view rendering. Explicitly configure spring.jpa.open-in-view to disable this warning
17:18:36.187 [main] INFO  o.a.coyote.http11.Http11NioProtocol - Starting ProtocolHandler ["http-nio-8161"]
17:18:36.294 [main] INFO  o.s.b.w.e.tomcat.TomcatWebServer - Tomcat started on port(s): 8161 (http) with context path ''
17:18:37.363 [main] INFO  c.e.presence.PresenceApplication - Started PresenceApplication in 18.834 seconds (process running for 20.391)
17:22:22.650 [http-nio-8161-exec-1] INFO  o.a.c.c.C.[Tomcat].[localhost].[/] - Initializing Spring DispatcherServlet 'dispatcherServlet'
17:22:22.651 [http-nio-8161-exec-1] INFO  o.s.web.servlet.DispatcherServlet - Initializing Servlet 'dispatcherServlet'
17:22:22.657 [http-nio-8161-exec-1] INFO  o.s.web.servlet.DispatcherServlet - Completed initialization in 6 ms
17:33:58.590 [SpringApplicationShutdownHook] INFO  o.s.o.j.LocalContainerEntityManagerFactoryBean - Closing JPA EntityManagerFactory for persistence unit 'default'
17:33:58.657 [SpringApplicationShutdownHook] INFO  com.zaxxer.hikari.HikariDataSource - HikariPool-1 - Shutdown initiated...
17:33:58.762 [SpringApplicationShutdownHook] INFO  com.zaxxer.hikari.HikariDataSource - HikariPool-1 - Shutdown completed.
